Started by user [8mha:////4MABQ2g+J3X6Z9hsOcr3VNuuDeTB3abRqeKmQiC+YNt9AAAAmR+LCAAAAAAAAP9b85aBtbiIQTGjNKU4P08vOT+vOD8nVc83PyU1x6OyILUoJzMv2y+/JJUBAhiZGBgqihhk0NSjKDWzXb3RdlLBUSYGJk8GtpzUvPSSDB8G5tKinBIGIZ+sxLJE/ZzEvHT94JKizLx0a6BxUmjGOUNodHsLgAz2EgZe/dLi1CL9rNS87My8YgDGtiJjwgAAAA==[0mjenkins
Loading library jenkins-lib@main
Attempting to resolve main from remote references...
 > git --version # timeout=10
 > git --version # 'git version 2.43.0'
 > git ls-remote -h -- https://github.com/Kumaraswamyss/sharedlib.git # timeout=10
Found match: refs/heads/main revision fe629d6f132385e3368d46f86b74029a2ea221a2
The recommended git tool is: NONE
No credentials specified
 > git rev-parse --resolve-git-dir /var/lib/jenkins/workspace/shared-lib-demo@libs/c1a85ea9935227fb4068f37fece69ae140dbcc38cb6a33208cb648f8362945c4/.git # timeout=10
Fetching changes from the remote Git repository
 > git config remote.origin.url https://github.com/Kumaraswamyss/sharedlib.git # timeout=10
Fetching without tags
Fetching upstream changes from https://github.com/Kumaraswamyss/sharedlib.git
 > git --version # timeout=10
 > git --version # 'git version 2.43.0'
 > git fetch --no-tags --force --progress -- https://github.com/Kumaraswamyss/sharedlib.git +refs/heads/*:refs/remotes/origin/* # timeout=10
Checking out Revision fe629d6f132385e3368d46f86b74029a2ea221a2 (main)
 > git config core.sparsecheckout # timeout=10
 > git checkout -f fe629d6f132385e3368d46f86b74029a2ea221a2 # timeout=10
Commit message: "Update pkgwithskiptst.groovy"
 > git rev-list --no-walk fe629d6f132385e3368d46f86b74029a2ea221a2 # timeout=10
org.codehaus.groovy.control.MultipleCompilationErrorsException: startup failed:
WorkflowScript: 7: Tool type "maven" does not have an install of "maven" configured - did you mean "maven3"? @ line 7, column 15.
           maven 'maven'
                 ^

1 error

	at org.codehaus.groovy.control.ErrorCollector.failIfErrors(ErrorCollector.java:309)
	at org.codehaus.groovy.control.CompilationUnit.applyToPrimaryClassNodes(CompilationUnit.java:1107)
	at org.codehaus.groovy.control.CompilationUnit.doPhaseOperation(CompilationUnit.java:624)
	at org.codehaus.groovy.control.CompilationUnit.processPhaseOperations(CompilationUnit.java:602)
	at org.codehaus.groovy.control.CompilationUnit.compile(CompilationUnit.java:579)
	at groovy.lang.GroovyClassLoader.doParseClass(GroovyClassLoader.java:323)
	at groovy.lang.GroovyClassLoader.parseClass(GroovyClassLoader.java:293)
	at PluginClassLoader for script-security//org.jenkinsci.plugins.scriptsecurity.sandbox.groovy.GroovySandbox$Scope.parse(GroovySandbox.java:162)
	at PluginClassLoader for workflow-cps//org.jenkinsci.plugins.workflow.cps.CpsGroovyShell.doParse(CpsGroovyShell.java:202)
	at PluginClassLoader for workflow-cps//org.jenkinsci.plugins.workflow.cps.CpsGroovyShell.reparse(CpsGroovyShell.java:186)
	at PluginClassLoader for workflow-cps//org.jenkinsci.plugins.workflow.cps.CpsFlowExecution.parseScript(CpsFlowExecution.java:669)
	at PluginClassLoader for workflow-cps//org.jenkinsci.plugins.workflow.cps.CpsFlowExecution.start(CpsFlowExecution.java:615)
	at PluginClassLoader for workflow-job//org.jenkinsci.plugins.workflow.job.WorkflowRun.run(WorkflowRun.java:341)
	at hudson.model.ResourceController.execute(ResourceController.java:97)
	at hudson.model.Executor.run(Executor.java:456)
Finished: FAILURE
